<?xml version="1.0" encoding="UTF-8"?>
<!-- Generated by org.testng.reporters.JUnitXMLReporter -->
<testsuite ignored="6" hostname="DESKTOP-P1CM33A" failures="1" tests="6" name="Default test(failed)" time="0.982" errors="0" timestamp="2024-09-03T10:30:09 IST">
  <testcase classname="ExtentReport.Facebook_Login" name="faceBook_Login" time="0.043">
    <skipped/>
  </testcase> <!-- faceBook_Login -->
  <testcase classname="ExtentReport.Facebook_Login" name="faceBook_Login" time="0.003">
    <skipped/>
  </testcase> <!-- faceBook_Login -->
  <testcase classname="ExtentReport.Facebook_Login" name="faceBook_Login" time="0.002">
    <skipped/>
  </testcase> <!-- faceBook_Login -->
  <testcase classname="ExtentReport.Facebook_Login" name="faceBook_Login" time="0.002">
    <skipped/>
  </testcase> <!-- faceBook_Login -->
  <testcase classname="ExtentReport.Facebook_Login" name="faceBook_Login" time="0.002">
    <skipped/>
  </testcase> <!-- faceBook_Login -->
  <testcase classname="ExtentReport.Facebook_Login" name="faceBook_Login" time="0.001">
    <failure type="java.lang.AssertionError" message="expected [400] but found [300]">
      <![CDATA[java.lang.AssertionError: expected [400] but found [300]
at ExtentReport.Facebook_Login.faceBook_Login(Facebook_Login.java:33)
at java.base/java.util.ArrayList.forEach(ArrayList.java:1511)
... Removed 34 stack frames]]>
    </failure>
  </testcase> <!-- faceBook_Login -->
  <testcase classname="ExtentReport.Facebook_Login" name="faceBook_posts" time="0.0">
    <ignored/>
  </testcase> <!-- faceBook_posts -->
  <testcase classname="ExtentReport.Facebook_Login" name="faceBook_Notification" time="0.0">
    <ignored/>
  </testcase> <!-- faceBook_Notification -->
  <testcase classname="ExtentReport.Facebook_Login" name="faceBook_Profile" time="0.0">
    <ignored/>
  </testcase> <!-- faceBook_Profile -->
  <testcase classname="ExtentReport.Facebook_Login" name="faceBook_HomePage" time="0.0">
    <ignored/>
  </testcase> <!-- faceBook_HomePage -->
  <testcase classname="ExtentReport.Facebook_Login" name="faceBook_Registration" time="0.0">
    <ignored/>
  </testcase> <!-- faceBook_Registration -->
  <testcase classname="ExtentReport.Facebook_Login" name="faceBook_TimeLine" time="0.0">
    <ignored/>
  </testcase> <!-- faceBook_TimeLine -->
</testsuite> <!-- Default test(failed) -->
