<?xml version="1.0" encoding="UTF-8"?>
<!-- Generated by org.testng.reporters.JUnitXMLReporter -->
<testsuite ignored="0" hostname="TBSLT00680" failures="1" tests="8" name="New Test" time="1.487" errors="0" timestamp="2024-07-23T13:07:58 IST">
  <testcase classname="ExtentReport.Facebook_Login" name="faceBook_Notification" time="0.014"/>
  <testcase classname="ExtentReport.FaceBook_Registration" name="faceBookRegistration" time="0.014"/>
  <testcase classname="ExtentReport.Facebook_Login" name="faceBook_Profile" time="0.014"/>
  <testcase classname="ExtentReport.Facebook_Login" name="faceBook_HomePage" time="0.014"/>
  <testcase classname="ExtentReport.Facebook_Login" name="faceBook_Login" time="0.021">
    <failure type="java.lang.AssertionError" message="expected [400] but found [300]">
      <![CDATA[java.lang.AssertionError: expected [400] but found [300]
at ExtentReport.Facebook_Login.faceBook_Login(Facebook_Login.java:27)
at java.base/java.util.concurrent.Executors$RunnableAdapter.call(Executors.java:572)
at java.base/java.util.concurrent.FutureTask.run(FutureTask.java:317)
at java.base/java.util.concurrent.ThreadPoolExecutor.runWorker(ThreadPoolExecutor.java:1144)
at java.base/java.util.concurrent.ThreadPoolExecutor$Worker.run(ThreadPoolExecutor.java:642)
at java.base/java.lang.Thread.run(Thread.java:1583)
... Removed 18 stack frames]]>
    </failure>
  </testcase> <!-- faceBook_Login -->
  <testcase classname="ExtentReport.Facebook_Login" name="faceBook_Registration" time="0.002"/>
  <testcase classname="ExtentReport.Facebook_Login" name="faceBook_TimeLine" time="0.003"/>
  <testcase classname="ExtentReport.Facebook_Login" name="faceBook_posts" time="0.001"/>
</testsuite> <!-- New Test -->
