<?xml version="1.0" encoding="UTF-8"?>
<!-- Generated by org.testng.reporters.JUnitXMLReporter -->
<testsuite ignored="0" hostname="TBSLT00680" failures="1" tests="7" name="Facebook Login Test" time="0.142" errors="0" timestamp="2024-07-23T13:15:09 IST">
  <testcase classname="ExtentReport.Facebook_Login" name="faceBook_HomePage" time="0.001"/>
  <testcase classname="ExtentReport.Facebook_Login" name="faceBook_Login" time="0.011">
    <failure type="java.lang.AssertionError" message="expected [400] but found [300]">
      <![CDATA[java.lang.AssertionError: expected [400] but found [300]
at ExtentReport.Facebook_Login.faceBook_Login(Facebook_Login.java:27)
at java.base/java.util.ArrayList.forEach(ArrayList.java:1596)
... Removed 33 stack frames]]>
    </failure>
  </testcase> <!-- faceBook_Login -->
  <testcase classname="ExtentReport.Facebook_Login" name="faceBook_Notification" time="0.001"/>
  <testcase classname="ExtentReport.Facebook_Login" name="faceBook_Profile" time="0.001"/>
  <testcase classname="ExtentReport.Facebook_Login" name="faceBook_Registration" time="0.0"/>
  <testcase classname="ExtentReport.Facebook_Login" name="faceBook_TimeLine" time="0.001"/>
  <testcase classname="ExtentReport.Facebook_Login" name="faceBook_posts" time="0.0"/>
</testsuite> <!-- Facebook Login Test -->
