<?xml version="1.0" encoding="UTF-8"?>
<testng-results retried="5" ignored="5" total="18" passed="7" failed="1" skipped="0">
  <reporter-output>
  </reporter-output>
  <suite started-at="2024-08-24T12:04:45 IST" name="Facebook new Suite" finished-at="2024-08-24T12:04:46 IST" duration-ms="832">
    <groups>
    </groups>
    <test started-at="2024-08-24T12:04:45 IST" name="Test1" finished-at="2024-08-24T12:04:45 IST" duration-ms="592">
      <class name="ExtentReport.FaceBook_Registration">
        <test-method is-config="true" signature="extentReportStart()[pri:0, instance:ExtentReport.FaceBook_Registration@74455848]" started-at="2024-08-24T12:04:45 IST" name="extentReportStart" finished-at="2024-08-24T12:04:45 IST" duration-ms="228" status="PASS">
          <reporter-output>
          </reporter-output>
        </test-method> <!-- extentReportStart -->
        <test-method signature="faceBookRegistration()[pri:0, instance:ExtentReport.FaceBook_Registration@74455848]" started-at="2024-08-24T12:04:45 IST" name="faceBookRegistration" finished-at="2024-08-24T12:04:45 IST" duration-ms="14" status="PASS">
          <reporter-output>
          </reporter-output>
        </test-method> <!-- faceBookRegistration -->
        <test-method is-config="true" signature="quitReport()[pri:0, instance:ExtentReport.FaceBook_Registration@74455848]" started-at="2024-08-24T12:04:45 IST" name="quitReport" finished-at="2024-08-24T12:04:45 IST" duration-ms="281" status="PASS">
          <reporter-output>
          </reporter-output>
        </test-method> <!-- quitReport -->
      </class> <!-- ExtentReport.FaceBook_Registration -->
    </test> <!-- Test1 -->
    <test started-at="2024-08-24T12:04:45 IST" name="Test2" finished-at="2024-08-24T12:04:46 IST" duration-ms="203">
      <class name="ExtentReport.Facebook_Login">
        <test-method is-config="true" signature="initializingExtentReport(org.testng.ITestResult)[pri:0, instance:ExtentReport.Facebook_Login@3232a28a]" started-at="2024-08-24T12:04:45 IST" name="initializingExtentReport" finished-at="2024-08-24T12:04:45 IST" duration-ms="4" status="PASS">
          <params>
            <param index="0">
              <value>
                <![CDATA[[TestResult name={null} status=CREATED method=Facebook_Login.faceBook_HomePage()[pri:0, instance:ExtentReport.Facebook_Login@3232a28a] output={null}]]]>
              </value>
            </param>
          </params>
          <reporter-output>
          </reporter-output>
        </test-method> <!-- initializingExtentReport -->
        <test-method is-config="true" signature="initializingExtentReport(org.testng.ITestResult)[pri:0, instance:ExtentReport.Facebook_Login@3232a28a]" started-at="2024-08-24T12:04:45 IST" name="initializingExtentReport" finished-at="2024-08-24T12:04:45 IST" duration-ms="3" status="PASS">
          <params>
            <param index="0">
              <value>
                <![CDATA[[TestResult name={null} status=CREATED method=Facebook_Login.faceBook_Login()[pri:0, instance:ExtentReport.Facebook_Login@3232a28a] output={null}]]]>
              </value>
            </param>
          </params>
          <reporter-output>
          </reporter-output>
        </test-method> <!-- initializingExtentReport -->
        <test-method is-config="true" signature="initializingExtentReport(org.testng.ITestResult)[pri:0, instance:ExtentReport.Facebook_Login@3232a28a]" started-at="2024-08-24T12:04:45 IST" name="initializingExtentReport" finished-at="2024-08-24T12:04:45 IST" duration-ms="3" status="PASS">
          <params>
            <param index="0">
              <value>
                <![CDATA[[TestResult name={null} status=CREATED method=Facebook_Login.faceBook_Notification()[pri:0, instance:ExtentReport.Facebook_Login@3232a28a] output={null}]]]>
              </value>
            </param>
          </params>
          <reporter-output>
          </reporter-output>
        </test-method> <!-- initializingExtentReport -->
        <test-method signature="faceBook_Notification()[pri:0, instance:ExtentReport.Facebook_Login@3232a28a]" started-at="2024-08-24T12:04:45 IST" name="faceBook_Notification" finished-at="2024-08-24T12:04:45 IST" duration-ms="5" status="PASS">
          <reporter-output>
          </reporter-output>
        </test-method> <!-- faceBook_Notification -->
        <test-method signature="faceBook_HomePage()[pri:0, instance:ExtentReport.Facebook_Login@3232a28a]" started-at="2024-08-24T12:04:45 IST" name="faceBook_HomePage" finished-at="2024-08-24T12:04:45 IST" duration-ms="3" status="PASS">
          <reporter-output>
          </reporter-output>
        </test-method> <!-- faceBook_HomePage -->
        <test-method retried="true" signature="faceBook_Login()[pri:0, instance:ExtentReport.Facebook_Login@3232a28a]" started-at="2024-08-24T12:04:45 IST" name="faceBook_Login" finished-at="2024-08-24T12:04:46 IST" duration-ms="45" status="SKIP">
          <exception class="java.lang.AssertionError">
            <message>
              <![CDATA[expected [400] but found [300]]]>
            </message>
            <full-stacktrace>
              <![CDATA[java.lang.AssertionError: expected [400] but found [300]
at org.testng.Assert.fail(Assert.java:111)
at org.testng.Assert.failNotEquals(Assert.java:1578)
at org.testng.Assert.assertEqualsImpl(Assert.java:150)
at org.testng.Assert.assertEquals(Assert.java:132)
at org.testng.Assert.assertEquals(Assert.java:1419)
at org.testng.Assert.assertEquals(Assert.java:1383)
at org.testng.Assert.assertEquals(Assert.java:1429)
at ExtentReport.Facebook_Login.faceBook_Login(Facebook_Login.java:30)
at java.base/jdk.internal.reflect.NativeMethodAccessorImpl.invoke0(Native Method)
at java.base/jdk.internal.reflect.NativeMethodAccessorImpl.invoke(NativeMethodAccessorImpl.java:77)
at java.base/jdk.internal.reflect.DelegatingMethodAccessorImpl.invoke(DelegatingMethodAccessorImpl.java:43)
at java.base/java.lang.reflect.Method.invoke(Method.java:568)
at org.testng.internal.invokers.MethodInvocationHelper.invokeMethod(MethodInvocationHelper.java:141)
at org.testng.internal.invokers.TestInvoker.invokeMethod(TestInvoker.java:686)
at org.testng.internal.invokers.TestInvoker.invokeTestMethod(TestInvoker.java:230)
at org.testng.internal.invokers.MethodRunner.runInSequence(MethodRunner.java:63)
at org.testng.internal.invokers.TestInvoker$MethodInvocationAgent.invoke(TestInvoker.java:992)
at org.testng.internal.invokers.TestInvoker.invokeTestMethods(TestInvoker.java:203)
at org.testng.internal.invokers.TestMethodWorker.invokeTestMethods(TestMethodWorker.java:154)
at org.testng.internal.invokers.TestMethodWorker.run(TestMethodWorker.java:134)
at java.base/java.util.concurrent.Executors$RunnableAdapter.call(Executors.java:539)
at java.base/java.util.concurrent.FutureTask.run(FutureTask.java:264)
at org.testng.internal.thread.graph.TestNGFutureTask.run(TestNGFutureTask.java:22)
at java.base/java.util.concurrent.ThreadPoolExecutor.runWorker(ThreadPoolExecutor.java:1136)
at java.base/java.util.concurrent.ThreadPoolExecutor$Worker.run(ThreadPoolExecutor.java:635)
at java.base/java.lang.Thread.run(Thread.java:842)
]]>
            </full-stacktrace>
          </exception> <!-- java.lang.AssertionError -->
          <reporter-output>
          </reporter-output>
        </test-method> <!-- faceBook_Login -->
        <test-method is-config="true" signature="quitReport()[pri:0, instance:ExtentReport.Facebook_Login@3232a28a]" started-at="2024-08-24T12:04:45 IST" name="quitReport" finished-at="2024-08-24T12:04:46 IST" duration-ms="29" status="PASS">
          <reporter-output>
          </reporter-output>
        </test-method> <!-- quitReport -->
        <test-method is-config="true" signature="quitReport()[pri:0, instance:ExtentReport.Facebook_Login@3232a28a]" started-at="2024-08-24T12:04:45 IST" name="quitReport" finished-at="2024-08-24T12:04:45 IST" duration-ms="25" status="PASS">
          <reporter-output>
          </reporter-output>
        </test-method> <!-- quitReport -->
        <test-method is-config="true" signature="initializingExtentReport(org.testng.ITestResult)[pri:0, instance:ExtentReport.Facebook_Login@3232a28a]" started-at="2024-08-24T12:04:45 IST" name="initializingExtentReport" finished-at="2024-08-24T12:04:46 IST" duration-ms="1" status="PASS">
          <params>
            <param index="0">
              <value>
                <![CDATA[[TestResult name={null} status=CREATED method=Facebook_Login.faceBook_Profile()[pri:0, instance:ExtentReport.Facebook_Login@3232a28a] output={null}]]]>
              </value>
            </param>
          </params>
          <reporter-output>
          </reporter-output>
        </test-method> <!-- initializingExtentReport -->
        <test-method signature="faceBook_Profile()[pri:0, instance:ExtentReport.Facebook_Login@3232a28a]" started-at="2024-08-24T12:04:46 IST" name="faceBook_Profile" finished-at="2024-08-24T12:04:46 IST" duration-ms="4" status="PASS">
          <reporter-output>
          </reporter-output>
        </test-method> <!-- faceBook_Profile -->
        <test-method is-config="true" signature="initializingExtentReport(org.testng.ITestResult)[pri:0, instance:ExtentReport.Facebook_Login@3232a28a]" started-at="2024-08-24T12:04:46 IST" name="initializingExtentReport" finished-at="2024-08-24T12:04:46 IST" duration-ms="1" status="PASS">
          <params>
            <param index="0">
              <value>
                <![CDATA[[TestResult name={null} status=CREATED method=Facebook_Login.faceBook_Registration()[pri:0, instance:ExtentReport.Facebook_Login@3232a28a] output={null}]]]>
              </value>
            </param>
          </params>
          <reporter-output>
          </reporter-output>
        </test-method> <!-- initializingExtentReport -->
        <test-method signature="faceBook_Registration()[pri:0, instance:ExtentReport.Facebook_Login@3232a28a]" started-at="2024-08-24T12:04:46 IST" name="faceBook_Registration" finished-at="2024-08-24T12:04:46 IST" duration-ms="5" status="PASS">
          <reporter-output>
          </reporter-output>
        </test-method> <!-- faceBook_Registration -->
        <test-method is-config="true" signature="quitReport()[pri:0, instance:ExtentReport.Facebook_Login@3232a28a]" started-at="2024-08-24T12:04:46 IST" name="quitReport" finished-at="2024-08-24T12:04:46 IST" duration-ms="31" status="PASS">
          <reporter-output>
          </reporter-output>
        </test-method> <!-- quitReport -->
        <test-method is-config="true" signature="quitReport()[pri:0, instance:ExtentReport.Facebook_Login@3232a28a]" started-at="2024-08-24T12:04:46 IST" name="quitReport" finished-at="2024-08-24T12:04:46 IST" duration-ms="25" status="PASS">
          <reporter-output>
          </reporter-output>
        </test-method> <!-- quitReport -->
        <test-method is-config="true" signature="quitReport()[pri:0, instance:ExtentReport.Facebook_Login@3232a28a]" started-at="2024-08-24T12:04:46 IST" name="quitReport" finished-at="2024-08-24T12:04:46 IST" duration-ms="28" status="PASS">
          <reporter-output>
          </reporter-output>
        </test-method> <!-- quitReport -->
        <test-method is-config="true" signature="initializingExtentReport(org.testng.ITestResult)[pri:0, instance:ExtentReport.Facebook_Login@3232a28a]" started-at="2024-08-24T12:04:46 IST" name="initializingExtentReport" finished-at="2024-08-24T12:04:46 IST" duration-ms="1" status="PASS">
          <params>
            <param index="0">
              <value>
                <![CDATA[[TestResult name={null} status=CREATED method=Facebook_Login.faceBook_TimeLine()[pri:0, instance:ExtentReport.Facebook_Login@3232a28a] output={null}]]]>
              </value>
            </param>
          </params>
          <reporter-output>
          </reporter-output>
        </test-method> <!-- initializingExtentReport -->
        <test-method signature="faceBook_TimeLine()[pri:0, instance:ExtentReport.Facebook_Login@3232a28a]" started-at="2024-08-24T12:04:46 IST" name="faceBook_TimeLine" finished-at="2024-08-24T12:04:46 IST" duration-ms="2" status="PASS">
          <reporter-output>
          </reporter-output>
        </test-method> <!-- faceBook_TimeLine -->
        <test-method is-config="true" signature="initializingExtentReport(org.testng.ITestResult)[pri:0, instance:ExtentReport.Facebook_Login@3232a28a]" started-at="2024-08-24T12:04:46 IST" name="initializingExtentReport" finished-at="2024-08-24T12:04:46 IST" duration-ms="1" status="PASS">
          <params>
            <param index="0">
              <value>
                <![CDATA[[TestResult name={null} status=CREATED method=Facebook_Login.faceBook_posts()[pri:0, instance:ExtentReport.Facebook_Login@3232a28a] output={null}]]]>
              </value>
            </param>
          </params>
          <reporter-output>
          </reporter-output>
        </test-method> <!-- initializingExtentReport -->
        <test-method signature="faceBook_posts()[pri:0, instance:ExtentReport.Facebook_Login@3232a28a]" started-at="2024-08-24T12:04:46 IST" name="faceBook_posts" finished-at="2024-08-24T12:04:46 IST" duration-ms="3" status="PASS">
          <reporter-output>
          </reporter-output>
        </test-method> <!-- faceBook_posts -->
        <test-method is-config="true" signature="quitReport()[pri:0, instance:ExtentReport.Facebook_Login@3232a28a]" started-at="2024-08-24T12:04:46 IST" name="quitReport" finished-at="2024-08-24T12:04:46 IST" duration-ms="28" status="PASS">
          <reporter-output>
          </reporter-output>
        </test-method> <!-- quitReport -->
        <test-method is-config="true" signature="initializingExtentReport(org.testng.ITestResult)[pri:0, instance:ExtentReport.Facebook_Login@3232a28a]" started-at="2024-08-24T12:04:46 IST" name="initializingExtentReport" finished-at="2024-08-24T12:04:46 IST" duration-ms="0" status="PASS">
          <params>
            <param index="0">
              <value>
                <![CDATA[[TestResult name={null} status=CREATED method=Facebook_Login.faceBook_Login()[pri:0, instance:ExtentReport.Facebook_Login@3232a28a] output={null}]]]>
              </value>
            </param>
          </params>
          <reporter-output>
          </reporter-output>
        </test-method> <!-- initializingExtentReport -->
        <test-method retried="true" signature="faceBook_Login()[pri:0, instance:ExtentReport.Facebook_Login@3232a28a]" started-at="2024-08-24T12:04:46 IST" name="faceBook_Login" finished-at="2024-08-24T12:04:46 IST" duration-ms="5" status="SKIP">
          <exception class="java.lang.AssertionError">
            <message>
              <![CDATA[expected [400] but found [300]]]>
            </message>
            <full-stacktrace>
              <![CDATA[java.lang.AssertionError: expected [400] but found [300]
at org.testng.Assert.fail(Assert.java:111)
at org.testng.Assert.failNotEquals(Assert.java:1578)
at org.testng.Assert.assertEqualsImpl(Assert.java:150)
at org.testng.Assert.assertEquals(Assert.java:132)
at org.testng.Assert.assertEquals(Assert.java:1419)
at org.testng.Assert.assertEquals(Assert.java:1383)
at org.testng.Assert.assertEquals(Assert.java:1429)
at ExtentReport.Facebook_Login.faceBook_Login(Facebook_Login.java:30)
at java.base/jdk.internal.reflect.NativeMethodAccessorImpl.invoke0(Native Method)
at java.base/jdk.internal.reflect.NativeMethodAccessorImpl.invoke(NativeMethodAccessorImpl.java:77)
at java.base/jdk.internal.reflect.DelegatingMethodAccessorImpl.invoke(DelegatingMethodAccessorImpl.java:43)
at java.base/java.lang.reflect.Method.invoke(Method.java:568)
at org.testng.internal.invokers.MethodInvocationHelper.invokeMethod(MethodInvocationHelper.java:141)
at org.testng.internal.invokers.TestInvoker.invokeMethod(TestInvoker.java:686)
at org.testng.internal.invokers.TestInvoker.retryFailed(TestInvoker.java:269)
at org.testng.internal.invokers.MethodRunner.runInSequence(MethodRunner.java:76)
at org.testng.internal.invokers.TestInvoker$MethodInvocationAgent.invoke(TestInvoker.java:992)
at org.testng.internal.invokers.TestInvoker.invokeTestMethods(TestInvoker.java:203)
at org.testng.internal.invokers.TestMethodWorker.invokeTestMethods(TestMethodWorker.java:154)
at org.testng.internal.invokers.TestMethodWorker.run(TestMethodWorker.java:134)
at java.base/java.util.concurrent.Executors$RunnableAdapter.call(Executors.java:539)
at java.base/java.util.concurrent.FutureTask.run(FutureTask.java:264)
at org.testng.internal.thread.graph.TestNGFutureTask.run(TestNGFutureTask.java:22)
at java.base/java.util.concurrent.ThreadPoolExecutor.runWorker(ThreadPoolExecutor.java:1136)
at java.base/java.util.concurrent.ThreadPoolExecutor$Worker.run(ThreadPoolExecutor.java:635)
at java.base/java.lang.Thread.run(Thread.java:842)
]]>
            </full-stacktrace>
          </exception> <!-- java.lang.AssertionError -->
          <reporter-output>
          </reporter-output>
        </test-method> <!-- faceBook_Login -->
        <test-method is-config="true" signature="quitReport()[pri:0, instance:ExtentReport.Facebook_Login@3232a28a]" started-at="2024-08-24T12:04:46 IST" name="quitReport" finished-at="2024-08-24T12:04:46 IST" duration-ms="26" status="PASS">
          <reporter-output>
          </reporter-output>
        </test-method> <!-- quitReport -->
        <test-method is-config="true" signature="quitReport()[pri:0, instance:ExtentReport.Facebook_Login@3232a28a]" started-at="2024-08-24T12:04:46 IST" name="quitReport" finished-at="2024-08-24T12:04:46 IST" duration-ms="22" status="PASS">
          <reporter-output>
          </reporter-output>
        </test-method> <!-- quitReport -->
        <test-method is-config="true" signature="initializingExtentReport(org.testng.ITestResult)[pri:0, instance:ExtentReport.Facebook_Login@3232a28a]" started-at="2024-08-24T12:04:46 IST" name="initializingExtentReport" finished-at="2024-08-24T12:04:46 IST" duration-ms="1" status="PASS">
          <params>
            <param index="0">
              <value>
                <![CDATA[[TestResult name={null} status=CREATED method=Facebook_Login.faceBook_Login()[pri:0, instance:ExtentReport.Facebook_Login@3232a28a] output={null}]]]>
              </value>
            </param>
          </params>
          <reporter-output>
          </reporter-output>
        </test-method> <!-- initializingExtentReport -->
        <test-method retried="true" signature="faceBook_Login()[pri:0, instance:ExtentReport.Facebook_Login@3232a28a]" started-at="2024-08-24T12:04:46 IST" name="faceBook_Login" finished-at="2024-08-24T12:04:46 IST" duration-ms="2" status="SKIP">
          <exception class="java.lang.AssertionError">
            <message>
              <![CDATA[expected [400] but found [300]]]>
            </message>
            <full-stacktrace>
              <![CDATA[java.lang.AssertionError: expected [400] but found [300]
at org.testng.Assert.fail(Assert.java:111)
at org.testng.Assert.failNotEquals(Assert.java:1578)
at org.testng.Assert.assertEqualsImpl(Assert.java:150)
at org.testng.Assert.assertEquals(Assert.java:132)
at org.testng.Assert.assertEquals(Assert.java:1419)
at org.testng.Assert.assertEquals(Assert.java:1383)
at org.testng.Assert.assertEquals(Assert.java:1429)
at ExtentReport.Facebook_Login.faceBook_Login(Facebook_Login.java:30)
at java.base/jdk.internal.reflect.NativeMethodAccessorImpl.invoke0(Native Method)
at java.base/jdk.internal.reflect.NativeMethodAccessorImpl.invoke(NativeMethodAccessorImpl.java:77)
at java.base/jdk.internal.reflect.DelegatingMethodAccessorImpl.invoke(DelegatingMethodAccessorImpl.java:43)
at java.base/java.lang.reflect.Method.invoke(Method.java:568)
at org.testng.internal.invokers.MethodInvocationHelper.invokeMethod(MethodInvocationHelper.java:141)
at org.testng.internal.invokers.TestInvoker.invokeMethod(TestInvoker.java:686)
at org.testng.internal.invokers.TestInvoker.retryFailed(TestInvoker.java:269)
at org.testng.internal.invokers.MethodRunner.runInSequence(MethodRunner.java:76)
at org.testng.internal.invokers.TestInvoker$MethodInvocationAgent.invoke(TestInvoker.java:992)
at org.testng.internal.invokers.TestInvoker.invokeTestMethods(TestInvoker.java:203)
at org.testng.internal.invokers.TestMethodWorker.invokeTestMethods(TestMethodWorker.java:154)
at org.testng.internal.invokers.TestMethodWorker.run(TestMethodWorker.java:134)
at java.base/java.util.concurrent.Executors$RunnableAdapter.call(Executors.java:539)
at java.base/java.util.concurrent.FutureTask.run(FutureTask.java:264)
at org.testng.internal.thread.graph.TestNGFutureTask.run(TestNGFutureTask.java:22)
at java.base/java.util.concurrent.ThreadPoolExecutor.runWorker(ThreadPoolExecutor.java:1136)
at java.base/java.util.concurrent.ThreadPoolExecutor$Worker.run(ThreadPoolExecutor.java:635)
at java.base/java.lang.Thread.run(Thread.java:842)
]]>
            </full-stacktrace>
          </exception> <!-- java.lang.AssertionError -->
          <reporter-output>
          </reporter-output>
        </test-method> <!-- faceBook_Login -->
        <test-method is-config="true" signature="quitReport()[pri:0, instance:ExtentReport.Facebook_Login@3232a28a]" started-at="2024-08-24T12:04:46 IST" name="quitReport" finished-at="2024-08-24T12:04:46 IST" duration-ms="15" status="PASS">
          <reporter-output>
          </reporter-output>
        </test-method> <!-- quitReport -->
        <test-method is-config="true" signature="initializingExtentReport(org.testng.ITestResult)[pri:0, instance:ExtentReport.Facebook_Login@3232a28a]" started-at="2024-08-24T12:04:46 IST" name="initializingExtentReport" finished-at="2024-08-24T12:04:46 IST" duration-ms="1" status="PASS">
          <params>
            <param index="0">
              <value>
                <![CDATA[[TestResult name={null} status=CREATED method=Facebook_Login.faceBook_Login()[pri:0, instance:ExtentReport.Facebook_Login@3232a28a] output={null}]]]>
              </value>
            </param>
          </params>
          <reporter-output>
          </reporter-output>
        </test-method> <!-- initializingExtentReport -->
        <test-method retried="true" signature="faceBook_Login()[pri:0, instance:ExtentReport.Facebook_Login@3232a28a]" started-at="2024-08-24T12:04:46 IST" name="faceBook_Login" finished-at="2024-08-24T12:04:46 IST" duration-ms="2" status="SKIP">
          <exception class="java.lang.AssertionError">
            <message>
              <![CDATA[expected [400] but found [300]]]>
            </message>
            <full-stacktrace>
              <![CDATA[java.lang.AssertionError: expected [400] but found [300]
at org.testng.Assert.fail(Assert.java:111)
at org.testng.Assert.failNotEquals(Assert.java:1578)
at org.testng.Assert.assertEqualsImpl(Assert.java:150)
at org.testng.Assert.assertEquals(Assert.java:132)
at org.testng.Assert.assertEquals(Assert.java:1419)
at org.testng.Assert.assertEquals(Assert.java:1383)
at org.testng.Assert.assertEquals(Assert.java:1429)
at ExtentReport.Facebook_Login.faceBook_Login(Facebook_Login.java:30)
at java.base/jdk.internal.reflect.NativeMethodAccessorImpl.invoke0(Native Method)
at java.base/jdk.internal.reflect.NativeMethodAccessorImpl.invoke(NativeMethodAccessorImpl.java:77)
at java.base/jdk.internal.reflect.DelegatingMethodAccessorImpl.invoke(DelegatingMethodAccessorImpl.java:43)
at java.base/java.lang.reflect.Method.invoke(Method.java:568)
at org.testng.internal.invokers.MethodInvocationHelper.invokeMethod(MethodInvocationHelper.java:141)
at org.testng.internal.invokers.TestInvoker.invokeMethod(TestInvoker.java:686)
at org.testng.internal.invokers.TestInvoker.retryFailed(TestInvoker.java:269)
at org.testng.internal.invokers.MethodRunner.runInSequence(MethodRunner.java:76)
at org.testng.internal.invokers.TestInvoker$MethodInvocationAgent.invoke(TestInvoker.java:992)
at org.testng.internal.invokers.TestInvoker.invokeTestMethods(TestInvoker.java:203)
at org.testng.internal.invokers.TestMethodWorker.invokeTestMethods(TestMethodWorker.java:154)
at org.testng.internal.invokers.TestMethodWorker.run(TestMethodWorker.java:134)
at java.base/java.util.concurrent.Executors$RunnableAdapter.call(Executors.java:539)
at java.base/java.util.concurrent.FutureTask.run(FutureTask.java:264)
at org.testng.internal.thread.graph.TestNGFutureTask.run(TestNGFutureTask.java:22)
at java.base/java.util.concurrent.ThreadPoolExecutor.runWorker(ThreadPoolExecutor.java:1136)
at java.base/java.util.concurrent.ThreadPoolExecutor$Worker.run(ThreadPoolExecutor.java:635)
at java.base/java.lang.Thread.run(Thread.java:842)
]]>
            </full-stacktrace>
          </exception> <!-- java.lang.AssertionError -->
          <reporter-output>
          </reporter-output>
        </test-method> <!-- faceBook_Login -->
        <test-method is-config="true" signature="quitReport()[pri:0, instance:ExtentReport.Facebook_Login@3232a28a]" started-at="2024-08-24T12:04:46 IST" name="quitReport" finished-at="2024-08-24T12:04:46 IST" duration-ms="12" status="PASS">
          <reporter-output>
          </reporter-output>
        </test-method> <!-- quitReport -->
        <test-method retried="true" signature="faceBook_Login()[pri:0, instance:ExtentReport.Facebook_Login@3232a28a]" started-at="2024-08-24T12:04:46 IST" name="faceBook_Login" finished-at="2024-08-24T12:04:46 IST" duration-ms="2" status="SKIP">
          <exception class="java.lang.AssertionError">
            <message>
              <![CDATA[expected [400] but found [300]]]>
            </message>
            <full-stacktrace>
              <![CDATA[java.lang.AssertionError: expected [400] but found [300]
at org.testng.Assert.fail(Assert.java:111)
at org.testng.Assert.failNotEquals(Assert.java:1578)
at org.testng.Assert.assertEqualsImpl(Assert.java:150)
at org.testng.Assert.assertEquals(Assert.java:132)
at org.testng.Assert.assertEquals(Assert.java:1419)
at org.testng.Assert.assertEquals(Assert.java:1383)
at org.testng.Assert.assertEquals(Assert.java:1429)
at ExtentReport.Facebook_Login.faceBook_Login(Facebook_Login.java:30)
at java.base/jdk.internal.reflect.NativeMethodAccessorImpl.invoke0(Native Method)
at java.base/jdk.internal.reflect.NativeMethodAccessorImpl.invoke(NativeMethodAccessorImpl.java:77)
at java.base/jdk.internal.reflect.DelegatingMethodAccessorImpl.invoke(DelegatingMethodAccessorImpl.java:43)
at java.base/java.lang.reflect.Method.invoke(Method.java:568)
at org.testng.internal.invokers.MethodInvocationHelper.invokeMethod(MethodInvocationHelper.java:141)
at org.testng.internal.invokers.TestInvoker.invokeMethod(TestInvoker.java:686)
at org.testng.internal.invokers.TestInvoker.retryFailed(TestInvoker.java:269)
at org.testng.internal.invokers.MethodRunner.runInSequence(MethodRunner.java:76)
at org.testng.internal.invokers.TestInvoker$MethodInvocationAgent.invoke(TestInvoker.java:992)
at org.testng.internal.invokers.TestInvoker.invokeTestMethods(TestInvoker.java:203)
at org.testng.internal.invokers.TestMethodWorker.invokeTestMethods(TestMethodWorker.java:154)
at org.testng.internal.invokers.TestMethodWorker.run(TestMethodWorker.java:134)
at java.base/java.util.concurrent.Executors$RunnableAdapter.call(Executors.java:539)
at java.base/java.util.concurrent.FutureTask.run(FutureTask.java:264)
at org.testng.internal.thread.graph.TestNGFutureTask.run(TestNGFutureTask.java:22)
at java.base/java.util.concurrent.ThreadPoolExecutor.runWorker(ThreadPoolExecutor.java:1136)
at java.base/java.util.concurrent.ThreadPoolExecutor$Worker.run(ThreadPoolExecutor.java:635)
at java.base/java.lang.Thread.run(Thread.java:842)
]]>
            </full-stacktrace>
          </exception> <!-- java.lang.AssertionError -->
          <reporter-output>
          </reporter-output>
        </test-method> <!-- faceBook_Login -->
        <test-method is-config="true" signature="initializingExtentReport(org.testng.ITestResult)[pri:0, instance:ExtentReport.Facebook_Login@3232a28a]" started-at="2024-08-24T12:04:46 IST" name="initializingExtentReport" finished-at="2024-08-24T12:04:46 IST" duration-ms="0" status="PASS">
          <params>
            <param index="0">
              <value>
                <![CDATA[[TestResult name={null} status=CREATED method=Facebook_Login.faceBook_Login()[pri:0, instance:ExtentReport.Facebook_Login@3232a28a] output={null}]]]>
              </value>
            </param>
          </params>
          <reporter-output>
          </reporter-output>
        </test-method> <!-- initializingExtentReport -->
        <test-method is-config="true" signature="quitReport()[pri:0, instance:ExtentReport.Facebook_Login@3232a28a]" started-at="2024-08-24T12:04:46 IST" name="quitReport" finished-at="2024-08-24T12:04:46 IST" duration-ms="16" status="PASS">
          <reporter-output>
          </reporter-output>
        </test-method> <!-- quitReport -->
        <test-method is-config="true" signature="initializingExtentReport(org.testng.ITestResult)[pri:0, instance:ExtentReport.Facebook_Login@3232a28a]" started-at="2024-08-24T12:04:46 IST" name="initializingExtentReport" finished-at="2024-08-24T12:04:46 IST" duration-ms="1" status="PASS">
          <params>
            <param index="0">
              <value>
                <![CDATA[[TestResult name={null} status=CREATED method=Facebook_Login.faceBook_Login()[pri:0, instance:ExtentReport.Facebook_Login@3232a28a] output={null}]]]>
              </value>
            </param>
          </params>
          <reporter-output>
          </reporter-output>
        </test-method> <!-- initializingExtentReport -->
        <test-method signature="faceBook_Login()[pri:0, instance:ExtentReport.Facebook_Login@3232a28a]" started-at="2024-08-24T12:04:46 IST" name="faceBook_Login" finished-at="2024-08-24T12:04:46 IST" duration-ms="2" status="FAIL">
          <exception class="java.lang.AssertionError">
            <message>
              <![CDATA[expected [400] but found [300]]]>
            </message>
            <full-stacktrace>
              <![CDATA[java.lang.AssertionError: expected [400] but found [300]
at org.testng.Assert.fail(Assert.java:111)
at org.testng.Assert.failNotEquals(Assert.java:1578)
at org.testng.Assert.assertEqualsImpl(Assert.java:150)
at org.testng.Assert.assertEquals(Assert.java:132)
at org.testng.Assert.assertEquals(Assert.java:1419)
at org.testng.Assert.assertEquals(Assert.java:1383)
at org.testng.Assert.assertEquals(Assert.java:1429)
at ExtentReport.Facebook_Login.faceBook_Login(Facebook_Login.java:30)
at java.base/jdk.internal.reflect.NativeMethodAccessorImpl.invoke0(Native Method)
at java.base/jdk.internal.reflect.NativeMethodAccessorImpl.invoke(NativeMethodAccessorImpl.java:77)
at java.base/jdk.internal.reflect.DelegatingMethodAccessorImpl.invoke(DelegatingMethodAccessorImpl.java:43)
at java.base/java.lang.reflect.Method.invoke(Method.java:568)
at org.testng.internal.invokers.MethodInvocationHelper.invokeMethod(MethodInvocationHelper.java:141)
at org.testng.internal.invokers.TestInvoker.invokeMethod(TestInvoker.java:686)
at org.testng.internal.invokers.TestInvoker.retryFailed(TestInvoker.java:269)
at org.testng.internal.invokers.MethodRunner.runInSequence(MethodRunner.java:76)
at org.testng.internal.invokers.TestInvoker$MethodInvocationAgent.invoke(TestInvoker.java:992)
at org.testng.internal.invokers.TestInvoker.invokeTestMethods(TestInvoker.java:203)
at org.testng.internal.invokers.TestMethodWorker.invokeTestMethods(TestMethodWorker.java:154)
at org.testng.internal.invokers.TestMethodWorker.run(TestMethodWorker.java:134)
at java.base/java.util.concurrent.Executors$RunnableAdapter.call(Executors.java:539)
at java.base/java.util.concurrent.FutureTask.run(FutureTask.java:264)
at org.testng.internal.thread.graph.TestNGFutureTask.run(TestNGFutureTask.java:22)
at java.base/java.util.concurrent.ThreadPoolExecutor.runWorker(ThreadPoolExecutor.java:1136)
at java.base/java.util.concurrent.ThreadPoolExecutor$Worker.run(ThreadPoolExecutor.java:635)
at java.base/java.lang.Thread.run(Thread.java:842)
]]>
            </full-stacktrace>
          </exception> <!-- java.lang.AssertionError -->
          <reporter-output>
          </reporter-output>
        </test-method> <!-- faceBook_Login -->
        <test-method is-config="true" signature="quitReport()[pri:0, instance:ExtentReport.Facebook_Login@3232a28a]" started-at="2024-08-24T12:04:46 IST" name="quitReport" finished-at="2024-08-24T12:04:46 IST" duration-ms="18" status="PASS">
          <reporter-output>
          </reporter-output>
        </test-method> <!-- quitReport -->
      </class> <!-- ExtentReport.Facebook_Login -->
    </test> <!-- Test2 -->
  </suite> <!-- Facebook new Suite -->
</testng-results>
